0 verbose cli E:\node\install\node.exe E:\node\install\node_modules\npm\bin\npm-cli.js
1 info using npm@10.2.3
2 info using node@v18.19.0
3 timing npm:load:whichnode Completed in 1ms
4 timing config:load:defaults Completed in 1ms
5 timing config:load:file:E:\node\install\node_modules\npm\npmrc Completed in 2ms
6 timing config:load:builtin Completed in 3ms
7 timing config:load:cli Completed in 1ms
8 timing config:load:env Completed in 1ms
9 timing config:load:file:E:\Course_DatabaseSystemsPrinciplesCourseProject\NoSQLDatabaseProject\web\kg-nlq\.npmrc Completed in 0ms
10 timing config:load:project Completed in 1ms
11 timing config:load:file:C:\Users\17681\.npmrc Completed in 1ms
12 timing config:load:user Completed in 1ms
13 timing config:load:file:E:\node\install\node_global\etc\npmrc Completed in 0ms
14 timing config:load:global Completed in 0ms
15 timing config:load:setEnvs Completed in 1ms
16 timing config:load Completed in 9ms
17 timing npm:load:configload Completed in 9ms
18 timing config:load:flatten Completed in 2ms
19 timing npm:load:mkdirpcache Completed in 0ms
20 timing npm:load:mkdirplogs Completed in 1ms
21 verbose title npm install
22 verbose argv "install" "--cache" "./.npm-cache"
23 timing npm:load:setTitle Completed in 0ms
24 timing npm:load:display Completed in 1ms
25 verbose logfile logs-max:10 dir:E:\Course_DatabaseSystemsPrinciplesCourseProject\NoSQLDatabaseProject\web\kg-nlq\.npm-cache\_logs\2025-12-23T15_25_37_469Z-
26 verbose logfile E:\Course_DatabaseSystemsPrinciplesCourseProject\NoSQLDatabaseProject\web\kg-nlq\.npm-cache\_logs\2025-12-23T15_25_37_469Z-debug-0.log
27 timing npm:load:logFile Completed in 7ms
28 timing npm:load:timers Completed in 0ms
29 timing npm:load:configScope Completed in 0ms
30 timing npm:load Completed in 51ms
31 timing arborist:ctor Completed in 0ms
32 silly logfile done cleaning log files
33 timing command:install Completed in 12ms
34 verbose stack Error: Override for graphql@^16.8.1 conflicts with direct dependency
34 verbose stack     at Node.assertRootOverrides (E:\node\install\node_modules\npm\node_modules\@npmcli\arborist\lib\node.js:1334:29)
34 verbose stack     at #loadActual (E:\node\install\node_modules\npm\node_modules\@npmcli\arborist\lib\arborist\load-actual.js:135:24)
34 verbose stack     at async Promise.all (index 0)
34 verbose stack     at async Arborist.reify (E:\node\install\node_modules\npm\node_modules\@npmcli\arborist\lib\arborist\reify.js:159:5)
34 verbose stack     at async Install.exec (E:\node\install\node_modules\npm\lib\commands\install.js:152:5)
34 verbose stack     at async module.exports (E:\node\install\node_modules\npm\lib\cli-entry.js:61:5)
35 verbose cwd E:\Course_DatabaseSystemsPrinciplesCourseProject\NoSQLDatabaseProject\web\kg-nlq
36 verbose Windows_NT 10.0.26200
37 verbose node v18.19.0
38 verbose npm  v10.2.3
39 error code EOVERRIDE
40 error Override for graphql@^16.8.1 conflicts with direct dependency
41 verbose exit 1
42 timing npm Completed in 2447ms
43 verbose unfinished npm timer reify 1766503539902
44 verbose unfinished npm timer reify:loadTrees 1766503539906
45 verbose unfinished npm timer idealTree 1766503539906
46 verbose unfinished npm timer idealTree:init 1766503539906
47 verbose code 1
48 error A complete log of this run can be found in: E:\Course_DatabaseSystemsPrinciplesCourseProject\NoSQLDatabaseProject\web\kg-nlq\.npm-cache\_logs\2025-12-23T15_25_37_469Z-debug-0.log
